<?xml version="1.0" encoding="UTF-8"?>
<!-- Generated by org.testng.reporters.JUnitReportReporter -->
<testsuite ignored="1" hostname="MacBook-Pro" failures="0" tests="1" name="Test.CreateNewAccountPageTest" time="4.109" errors="0" timestamp="28 Sep 2022 04:34:46 GMT" skipped="0">
  <testcase classname="Test.CreateNewAccountPageTest" name="cnapagetest" time="4.109"/>
  <testcase classname="Test.BaseTest" name="setup">
    <skipped/>
  </testcase> <!-- setup -->
</testsuite> <!-- Test.CreateNewAccountPageTest -->
